[    0.000000] Linux version 4.15.0-212-generic (buildd@lcy02-amd64-083) (gcc version 7.5.0 (Ubuntu 7.5.0-3ubuntu1~18.04)) #223-Ubuntu SMP Tue May 23 13:09:22 UTC 2023 (Ubuntu 4.15.0-212.223-generic 4.15.18)
[    0.000000] Command line: BOOT_IMAGE=/boot/vmlinuz-4.15.0-212-generic root=UUID=3bd22e08-6c92-41a8-b639-77ac0df82145 ro console=tty1 console=ttyS0
[    0.000000] KERNEL supported cpus:
[    0.000000]   Intel GenuineIntel
[    0.000000]   AMD AuthenticAMD
[    0.000000]   Centaur CentaurHauls
[    0.000000] [Firmware Bug]: TSC doesn't count with P0 frequency!
[    0.000000] x86/fpu: x87 FPU will use FXSAVE
[    0.000000] e820: BIOS-provided physical RAM map:
[    0.000000] BIOS-e820: [mem 0x0000000000000000-0x000000000009fbff] usable
[    0.000000] BIOS-e820: [mem 0x000000000009fc00-0x000000000009ffff] reserved
[    0.000000] BIOS-e820: [mem 0x00000000000f0000-0x00000000000fffff] reserved
[    0.000000] BIOS-e820: [mem 0x0000000000100000-0x000000003ffeffff] usable
[    0.000000] BIOS-e820: [mem 0x000000003fff0000-0x000000003fffffff] ACPI data
[    0.000000] BIOS-e820: [mem 0x00000000fec00000-0x00000000fec00fff] reserved
[    0.000000] BIOS-e820: [mem 0x00000000fee00000-0x00000000fee00fff] reserved
[    0.000000] BIOS-e820: [mem 0x00000000fffc0000-0x00000000ffffffff] reserved
[    0.000000] NX (Execute Disable) protection: active
[    0.000000] SMBIOS 2.5 present.
[    0.000000] DMI: innotek GmbH VirtualBox/VirtualBox, BIOS VirtualBox 12/01/2006
[    0.000000] Hypervisor detected: KVM
[    0.000000] e820: last_pfn = 0x3fff0 max_arch_pfn = 0x400000000
[    0.000000] MTRR: Disabled
[    0.000000] x86/PAT: MTRRs disabled, skipping PAT initialization too.
[    0.000000] CPU MTRRs all blank - virtualized system.
[    0.000000] x86/PAT: Configuration [0-7]: WB  WT  UC- UC  WB  WT  UC- UC  
[    0.000000] found SMP MP-table at [mem 0x0009fff0-0x0009ffff]
[    0.000000] Scanning 1 areas for low memory corruption
[    0.000000] RAMDISK: [mem 0x3580d000-0x36bfdfff]
[    0.000000] ACPI: Early table checksum verification disabled
[    0.000000] ACPI: RSDP 0x00000000000E0000 000024 (v02 VBOX  )
[    0.000000] ACPI: XSDT 0x000000003FFF0030 00003C (v01 VBOX   VBOXXSDT 00000001 ASL  00000061)
[    0.000000] ACPI: FACP 0x000000003FFF00F0 0000F4 (v04 VBOX   VBOXFACP 00000001 ASL  00000061)
[    0.000000] ACPI: DSDT 0x000000003FFF0610 002353 (v02 VBOX   VBOXBIOS 00000002 INTL 20100528)
[    0.000000] ACPI: FACS 0x000000003FFF0200 000040
[    0.000000] ACPI: FACS 0x000000003FFF0200 000040
[    0.000000] ACPI: APIC 0x000000003FFF0240 00005C (v02 VBOX   VBOXAPIC 00000001 ASL  00000061)
[    0.000000] ACPI: SSDT 0x000000003FFF02A0 00036C (v01 VBOX   VBOXCPUT 00000002 INTL 20100528)
[    0.000000] ACPI: Reserving FACP table memory at [mem 0x3fff00f0-0x3fff01e3]
[    0.000000] ACPI: Reserving DSDT table memory at [mem 0x3fff0610-0x3fff2962]
[    0.000000] ACPI: Reserving FACS table memory at [mem 0x3fff0200-0x3fff023f]
[    0.000000] ACPI: Reserving FACS table memory at [mem 0x3fff0200-0x3fff023f]
[    0.000000] ACPI: Reserving APIC table memory at [mem 0x3fff0240-0x3fff029b]
[    0.000000] ACPI: Reserving SSDT table memory at [mem 0x3fff02a0-0x3fff060b]
[    0.000000] No NUMA configuration found
[    0.000000] Faking a node at [mem 0x0000000000000000-0x000000003ffeffff]
[    0.000000] NODE_DATA(0) allocated [mem 0x3ffc5000-0x3ffeffff]
[    0.000000] kvm-clock: cpu 0, msr 0:3ff44001, primary cpu clock
[    0.000000] kvm-clock: Using msrs 4b564d01 and 4b564d00
[    0.000000] kvm-clock: using sched offset of 4437433464 cycles
[    0.000000] clocksource: kvm-clock: mask: 0xffffffffffffffff max_cycles: 0x1cd42e4dffb, max_idle_ns: 881590591483 ns
[    0.000000] Zone ranges:
[    0.000000]   DMA      [mem 0x0000000000001000-0x0000000000ffffff]
[    0.000000]   DMA32    [mem 0x0000000001000000-0x000000003ffeffff]
[    0.000000]   Normal   empty
[    0.000000]   Device   empty
[    0.000000] Movable zone start for each node
[    0.000000] Early memory node ranges
[    0.000000]   node   0: [mem 0x0000000000001000-0x000000000009efff]
[    0.000000]   node   0: [mem 0x0000000000100000-0x000000003ffeffff]
[    0.000000] Reserved but unavailable: 104 pages
[    0.000000] Initmem setup node 0 [mem 0x0000000000001000-0x000000003ffeffff]
[    0.000000] ACPI: PM-Timer IO Port: 0x4008
[    0.000000] IOAPIC[0]: apic_id 2, version 32, address 0xfec00000, GSI 0-23
[    0.000000] ACPI: INT_SRC_OVR (bus 0 bus_irq 0 global_irq 2 dfl dfl)
[    0.000000] ACPI: INT_SRC_OVR (bus 0 bus_irq 9 global_irq 9 low level)
[    0.000000] Using ACPI (MADT) for SMP configuration information
[    0.000000] smpboot: Allowing 2 CPUs, 0 hotplug CPUs
[    0.000000] PM: Registered nosave memory: [mem 0x00000000-0x00000fff]
[    0.000000] PM: Registered nosave memory: [mem 0x0009f000-0x0009ffff]
[    0.000000] PM: Registered nosave memory: [mem 0x000a0000-0x000effff]
[    0.000000] PM: Registered nosave memory: [mem 0x000f0000-0x000fffff]
[    0.000000] e820: [mem 0x40000000-0xfebfffff] available for PCI devices
[    0.000000] Booting paravirtualized kernel on KVM
[    0.000000] clocksource: refined-jiffies: mask: 0xffffffff max_cycles: 0xffffffff, max_idle_ns: 7645519600211568 ns
[    0.000000] setup_percpu: NR_CPUS:8192 nr_cpumask_bits:2 nr_cpu_ids:2 nr_node_ids:1
[    0.000000] percpu: Embedded 50 pages/cpu s167936 r8192 d28672 u1048576
[    0.000000] PV qspinlock hash table entries: 256 (order: 0, 4096 bytes)
[    0.000000] Built 1 zonelists, mobility grouping on.  Total pages: 257913
[    0.000000] Policy zone: DMA32
[    0.000000] Kernel command line: BOOT_IMAGE=/boot/vmlinuz-4.15.0-212-generic root=UUID=3bd22e08-6c92-41a8-b639-77ac0df82145 ro console=tty1 console=ttyS0
[    0.000000] Memory: 981752K/1048120K available (12300K kernel code, 2477K rwdata, 4324K rodata, 2480K init, 2720K bss, 66368K reserved, 0K cma-reserved)
[    0.000000] SLUB: HWalign=64, Order=0-3, MinObjects=0, CPUs=2, Nodes=1
[    0.000000] ftrace: allocating 39508 entries in 155 pages
[    0.004000] Hierarchical RCU implementation.
[    0.004000] 	RCU restricting CPUs from NR_CPUS=8192 to nr_cpu_ids=2.
[    0.004000] 	Tasks RCU enabled.
[    0.004000] RCU: Adjusting geometry for rcu_fanout_leaf=16, nr_cpu_ids=2
[    0.004000] NR_IRQS: 524544, nr_irqs: 440, preallocated irqs: 16
[    0.004000] random: crng init done
[    0.004000] Console: colour VGA+ 80x25
[    0.004000] console [tty1] enabled
[    0.004000] console [ttyS0] enabled
[    0.004000] ACPI: Core revision 20170831
[    0.004000] ACPI: 2 ACPI AML tables successfully acquired and loaded
[    0.004000] APIC: Switch to symmetric I/O mode setup
[    0.004000] ..TIMER: vector=0x30 apic1=0 pin1=2 apic2=-1 pin2=-1
[    0.004008] tsc: Detected 2894.572 MHz processor
[    0.008010] Calibrating delay loop (skipped) preset value.. 5789.14 BogoMIPS (lpj=11578288)
[    0.012022] pid_max: default: 32768 minimum: 301
[    0.016125] Security Framework initialized
[    0.020009] Yama: becoming mindful.
[    0.024155] AppArmor: AppArmor initialized
[    0.037821] Dentry cache hash table entries: 131072 (order: 8, 1048576 bytes)
[    0.044883] Inode-cache hash table entries: 65536 (order: 7, 524288 bytes)
[    0.048131] Mount-cache hash table entries: 2048 (order: 2, 16384 bytes)
[    0.052151] Mountpoint-cache hash table entries: 2048 (order: 2, 16384 bytes)
[    0.061251] Last level iTLB entries: 4KB 1024, 2MB 1024, 4MB 512
[    0.064009] Last level dTLB entries: 4KB 2048, 2MB 2048, 4MB 1024, 1GB 0
[    0.068010] Spectre V1 : Mitigation: usercopy/swapgs barriers and __user pointer sanitization
[    0.072008] Spectre V2 : Mitigation: Retpolines
[    0.076005] Spectre V2 : Spectre v2 / SpectreRSB mitigation: Filling RSB on context switch
[    0.080007] Spectre V2 : Spectre v2 / SpectreRSB : Filling RSB on VMEXIT
[    0.084008] RETBleed: Vulnerable
[    0.088211] Freeing SMP alternatives memory: 36K
[    0.214811] APIC calibration not consistent with PM-Timer: 103ms instead of 100ms
[    0.216000] APIC delta adjusted to PM-Timer: 6441964 (6662045)
[    0.216513] smpboot: CPU0: AMD Ryzen 7 4800H with Radeon Graphics (family: 0x17, model: 0x60, stepping: 0x1)
[    0.220679] Performance Events: PMU not available due to virtualization, using software events only.
[    0.224225] Hierarchical SRCU implementation.
[    0.229044] NMI watchdog: Perf event create on CPU 0 failed with -2
[    0.232008] NMI watchdog: Perf NMI watchdog permanently disabled
[    0.236468] smp: Bringing up secondary CPUs ...
[    0.241206] x86: Booting SMP configuration:
[    0.244010] .... node  #0, CPUs:      #1
[    0.004000] kvm-clock: cpu 1, msr 0:3ff44041, secondary cpu clock
[    0.255619] TSC synchronization [CPU#0 -> CPU#1]:
[    0.256000] Measured 131385 cycles TSC warp between CPUs, turning off TSC clock.
[    0.256000] tsc: Marking TSC unstable due to check_tsc_sync_source failed
[    0.260268] smp: Brought up 1 node, 2 CPUs
[    0.264011] smpboot: Max logical packages: 1
[    0.268006] smpboot: Total of 2 processors activated (11578.28 BogoMIPS)
[    0.276641] devtmpfs: initialized
[    0.280607] x86/mm: Memory block size: 128MB
[    0.288585] evm: security.selinux
[    0.292010] evm: security.SMACK64
[    0.296007] evm: security.SMACK64EXEC
[    0.304003] evm: security.SMACK64TRANSMUTE
[    0.308008] evm: security.SMACK64MMAP
[    0.316011] evm: security.apparmor
[    0.320012] evm: security.ima
[    0.328011] evm: security.capability
[    0.336683] clocksource: jiffies: mask: 0xffffffff max_cycles: 0xffffffff, max_idle_ns: 7645041785100000 ns
[    0.352171] futex hash table entries: 512 (order: 3, 32768 bytes)
[    0.360600] pinctrl core: initialized pinctrl subsystem
[    0.368592] RTC time: 14:04:40, date: 06/21/23
[    0.377784] NET: Registered protocol family 16
[    0.380225] audit: initializing netlink subsys (disabled)
[    0.388385] audit: type=2000 audit(1687356285.711:1): state=initialized audit_enabled=0 res=1
[    0.396171] cpuidle: using governor ladder
[    0.400584] cpuidle: using governor menu
[    0.412233] ACPI: bus type PCI registered
[    0.416009] acpiphp: ACPI Hot Plug PCI Controller Driver version: 0.5
[    0.424712] PCI: Using configuration type 1 for base access
[    0.432007] PCI: Using configuration type 1 for extended access
[    0.444356] HugeTLB registered 2.00 MiB page size, pre-allocated 0 pages
[    0.456595] ACPI: Added _OSI(Module Device)
[    0.460025] ACPI: Added _OSI(Processor Device)
[    0.468013] ACPI: Added _OSI(3.0 _SCP Extensions)
[    0.472005] ACPI: Added _OSI(Processor Aggregator Device)
[    0.480011] ACPI: Added _OSI(Linux-Dell-Video)
[    0.484010] ACPI: Added _OSI(Linux-Lenovo-NV-HDMI-Audio)
[    0.488011] ACPI: Added _OSI(Linux-HPI-Hybrid-Graphics)
[    0.497072] ACPI: Executed 1 blocks of module-level executable AML code
[    0.506992] ACPI: Interpreter enabled
[    0.512031] ACPI: (supports S0 S5)
[    0.520007] ACPI: Using IOAPIC for interrupt routing
[    0.524482] PCI: Using host bridge windows from ACPI; if necessary, use "pci=nocrs" and report a bug
[    0.536338] ACPI: Enabled 2 GPEs in block 00 to 07
[    0.552836] ACPI: PCI Root Bridge [PCI0] (domain 0000 [bus 00-ff])
[    0.556021] acpi PNP0A03:00: _OSC: OS supports [ExtendedConfig ASPM ClockPM Segments MSI]
[    0.569341] acpi PNP0A03:00: _OSC: platform does not support [PCIeCapability]
[    0.576861] acpi PNP0A03:00: _OSC: not requesting control; platform does not support [PCIeCapability]
[    0.584011] acpi PNP0A03:00: _OSC: OS requested [PCIeHotplug PME AER PCIeCapability]
[    0.592012] acpi PNP0A03:00: _OSC: platform willing to grant [PCIeHotplug PME AER]
[    0.600004] acpi PNP0A03:00: _OSC failed (AE_SUPPORT); disabling ASPM
[    0.604830] PCI host bridge to bus 0000:00
[    0.608012] pci_bus 0000:00: root bus resource [io  0x0000-0x0cf7 window]
[    0.616007] pci_bus 0000:00: root bus resource [io  0x0d00-0xffff window]
[    0.624009] pci_bus 0000:00: root bus resource [mem 0x000a0000-0x000bffff window]
[    0.628012] pci_bus 0000:00: root bus resource [mem 0x40000000-0xfdffffff window]
[    0.636011] pci_bus 0000:00: root bus resource [bus 00-ff]
[    0.651388] pci 0000:00:01.1: legacy IDE quirk: reg 0x10: [io  0x01f0-0x01f7]
[    0.656009] pci 0000:00:01.1: legacy IDE quirk: reg 0x14: [io  0x03f6]
[    0.664007] pci 0000:00:01.1: legacy IDE quirk: reg 0x18: [io  0x0170-0x0177]
[    0.672011] pci 0000:00:01.1: legacy IDE quirk: reg 0x1c: [io  0x0376]
[    0.700921] pci 0000:00:07.0: quirk: [io  0x4000-0x403f] claimed by PIIX4 ACPI
[    0.708051] pci 0000:00:07.0: quirk: [io  0x4100-0x410f] claimed by PIIX4 SMB
[    0.726222] ACPI: PCI Interrupt Link [LNKA] (IRQs 5 9 10 *11)
[    0.732330] ACPI: PCI Interrupt Link [LNKB] (IRQs 5 9 *10 11)
[    0.736268] ACPI: PCI Interrupt Link [LNKC] (IRQs 5 *9 10 11)
[    0.744253] ACPI: PCI Interrupt Link [LNKD] (IRQs 5 9 10 *11)
[    0.748924] SCSI subsystem initialized
[    0.756467] pci 0000:00:02.0: vgaarb: setting as boot VGA device
[    0.760000] pci 0000:00:02.0: vgaarb: VGA device added: decodes=io+mem,owns=io+mem,locks=none
[    0.768012] pci 0000:00:02.0: vgaarb: bridge control possible
[    0.776009] vgaarb: loaded
[    0.780122] ACPI: bus type USB registered
[    0.784071] usbcore: registered new interface driver usbfs
[    0.788035] usbcore: registered new interface driver hub
[    0.796025] usbcore: registered new device driver usb
[    0.804127] EDAC MC: Ver: 3.0.0
[    0.808582] PCI: Using ACPI for IRQ routing
[    0.813040] NetLabel: Initializing
[    0.816009] NetLabel:  domain hash size = 128
[    0.820009] NetLabel:  protocols = UNLABELED CIPSOv4 CALIPSO
[    0.824027] NetLabel:  unlabeled traffic allowed by default
[    0.828238] clocksource: Switched to clocksource kvm-clock
[    0.885578] VFS: Disk quotas dquot_6.6.0
[    0.891123] VFS: Dquot-cache hash table entries: 512 (order 0, 4096 bytes)
[    0.898868] AppArmor: AppArmor Filesystem Enabled
[    0.904086] pnp: PnP ACPI init
[    0.909620] pnp: PnP ACPI: found 3 devices
[    0.959037] clocksource: acpi_pm: mask: 0xffffff max_cycles: 0xffffff, max_idle_ns: 2085701024 ns
[    0.967695] NET: Registered protocol family 2
[    0.973145] IP idents hash table entries: 16384 (order: 5, 131072 bytes)
[    0.980381] TCP established hash table entries: 8192 (order: 4, 65536 bytes)
[    0.987860] TCP bind hash table entries: 8192 (order: 5, 131072 bytes)
[    0.994653] TCP: Hash tables configured (established 8192 bind 8192)
[    1.002600] UDP hash table entries: 512 (order: 2, 16384 bytes)
[    1.008758] UDP-Lite hash table entries: 512 (order: 2, 16384 bytes)
[    1.015529] NET: Registered protocol family 1
[    1.020562] pci 0000:00:00.0: Limiting direct PCI/PCI transfers
[    1.026921] pci 0000:00:01.0: Activating ISA DMA hang workarounds
[    1.033601] pci 0000:00:02.0: Video device with shadowed ROM at [mem 0x000c0000-0x000dffff]
[    1.042619] Unpacking initramfs...
[    1.062691] Freeing initrd memory: 20420K
[    1.643214] clocksource: tsc: mask: 0xffffffffffffffff max_cycles: 0x29b93b4bb21, max_idle_ns: 440795288346 ns
[    1.654424] platform rtc_cmos: registered platform RTC device (no PNP device found)
[    1.663514] Scanning for low memory corruption every 60 seconds
[    1.675266] Initialise system trusted keyrings
[    1.681073] Key type blacklist registered
[    1.688784] workingset: timestamp_bits=36 max_order=18 bucket_order=0
[    1.699288] zbud: loaded
[    1.705154] squashfs: version 4.0 (2009/01/31) Phillip Lougher
[    1.714485] fuse init (API version 7.26)
[    1.761598] Key type asymmetric registered
[    1.766553] Asymmetric key parser 'x509' registered
[    1.772119] Block layer SCSI generic (bsg) driver version 0.4 loaded (major 246)
[    1.781038] io scheduler noop registered
[    1.785404] io scheduler deadline registered
[    1.790416] io scheduler cfq registered (default)
[    1.796970] ACPI: AC Adapter [AC] (off-line)
[    1.802293] input: Power Button as /devices/LNXSYSTM:00/LNXPWRBN:00/input/input0
[    1.811284] ACPI: Power Button [PWRF]
[    1.815892] input: Sleep Button as /devices/LNXSYSTM:00/LNXSLPBN:00/input/input1
[    1.823845] ACPI: Sleep Button [SLPF]
[    1.833582] ACPI: Battery Slot [BAT0] (battery present)
[    1.840327] Serial: 8250/16550 driver, 32 ports, IRQ sharing enabled
[    1.881095] 00:02: ttyS0 at I/O 0x3f8 (irq = 4, base_baud = 115200) is a 16550A
[    1.909526] Linux agpgart interface v0.103
[    1.925647] loop: module loaded
[    1.933761] scsi host0: ata_piix
[    1.939354] scsi host1: ata_piix
[    1.944331] ata1: PATA max UDMA/33 cmd 0x1f0 ctl 0x3f6 bmdma 0xd000 irq 14
[    1.952277] ata2: PATA max UDMA/33 cmd 0x170 ctl 0x376 bmdma 0xd008 irq 15
[    1.961212] tun: Universal TUN/TAP device driver, 1.6
[    1.968062] PPP generic driver version 2.4.2
[    1.974164] ehci_hcd: USB 2.0 'Enhanced' Host Controller (EHCI) Driver
[    1.981427] ehci-pci: EHCI PCI platform driver
[    1.987099] ehci-platform: EHCI generic platform driver
[    1.993322] ohci_hcd: USB 1.1 'Open' Host Controller (OHCI) Driver
[    2.001001] ohci-pci: OHCI PCI platform driver
[    2.007906] ohci-platform: OHCI generic platform driver
[    2.014339] uhci_hcd: USB Universal Host Controller Interface driver
[    2.022123] i8042: PNP: PS/2 Controller [PNP0303:PS2K,PNP0f03:PS2M] at 0x60,0x64 irq 1,12
[    2.035684] serio: i8042 KBD port at 0x60,0x64 irq 1
[    2.041707] serio: i8042 AUX port at 0x60,0x64 irq 12
[    2.048729] mousedev: PS/2 mouse device common for all mice
[    2.059169] rtc_cmos rtc_cmos: rtc core: registered rtc_cmos as rtc0
[    2.059261] input: AT Translated Set 2 keyboard as /devices/platform/i8042/serio0/input/input2
[    2.066102] rtc_cmos rtc_cmos: alarms up to one day, 114 bytes nvram
[    2.079334] i2c /dev entries driver
[    2.083391] device-mapper: uevent: version 1.0.3
[    2.089108] device-mapper: ioctl: 4.37.0-ioctl (2017-09-20) initialised: dm-devel@redhat.com
[    2.100219] ledtrig-cpu: registered to indicate activity on CPUs
[    2.109708] NET: Registered protocol family 10
[    2.154890] Segment Routing with IPv6
[    2.159461] NET: Registered protocol family 17
[    2.164670] Key type dns_resolver registered
[    2.185284] mce: Using 0 MCE banks
[    2.189777] RAS: Correctable Errors collector initialized.
[    2.195996] sched_clock: Marking stable (2195904942, 0)->(3036362656, -840457714)
[    2.209732] registered taskstats version 1
[    2.215798] Loading compiled-in X.509 certificates
[    2.225974] Loaded X.509 cert 'Build time autogenerated kernel key: b5b26778eaa3ab3a4a6cee031137706e947d12ad'
[    2.236060] Loaded X.509 cert 'Canonical Ltd. Live Patch Signing: 14df34d1a87cf37625abec039ef2bf521249b969'
[    2.247320] Loaded X.509 cert 'Canonical Ltd. Kernel Module Signing: 88f752e560a1e0737e31163a466ad7b70a850c19'
[    2.258726] blacklist: Loading compiled-in revocation X.509 certificates
[    2.266337] Loaded X.509 cert 'Canonical Ltd. Secure Boot Signing: 61482aa2830d0ab2ad5af10b7250da9033ddcef0'
[    2.277832] Loaded X.509 cert 'Canonical Ltd. Secure Boot Signing (2017): 242ade75ac4a15e50d50c84b0d45ff3eae707a03'
[    2.290144] Loaded X.509 cert 'Canonical Ltd. Secure Boot Signing (ESM 2018): 365188c1d374d6b07c3c8f240f8ef722433d6a8b'
[    2.302772] Loaded X.509 cert 'Canonical Ltd. Secure Boot Signing (2019): c0746fd6c5da3ae827864651ad66ae47fe24b3e8'
[    2.315479] Loaded X.509 cert 'Canonical Ltd. Secure Boot Signing (2021 v1): a8d54bbb3825cfb94fa13c9f8a594a195c107b8d'
[    2.328750] Loaded X.509 cert 'Canonical Ltd. Secure Boot Signing (2021 v2): 4cf046892d6fd3c9a5b03f98d845f90851dc6a8c'
[    2.340465] Loaded X.509 cert 'Canonical Ltd. Secure Boot Signing (2021 v3): 100437bb6de6e469b581e61cd66bce3ef4ed53af'
[    2.351933] Loaded X.509 cert 'Canonical Ltd. Secure Boot Signing (Ubuntu Core 2019): c1d57b8f6b743f23ee41f4f7ee292f06eecadfb9'
[    2.364279] zswap: loaded using pool lzo/zbud
[    2.381703] Key type big_key registered
[    2.385681] Key type trusted registered
[    2.394515] Key type encrypted registered
[    2.399028] AppArmor: AppArmor sha1 policy hashing enabled
[    2.404874] ima: No TPM chip found, activating TPM-bypass! (rc=-19)
[    2.411516] ima: Allocated hash algorithm: sha1
[    2.416957] evm: HMAC attrs: 0x1
[    2.421786]   Magic number: 11:575:81
[    2.426771] rtc_cmos rtc_cmos: setting system clock to 2023-06-21 14:04:42 UTC (1687356282)
[    2.436705] BIOS EDD facility v0.16 2004-Jun-25, 0 devices found
[    2.442886] EDD information not available.
[    2.452028] Freeing unused kernel image memory: 2480K
[    2.476991] Write protecting the kernel read-only data: 20480k
[    2.484350] Freeing unused kernel image memory: 2008K
[    2.490151] Freeing unused kernel image memory: 1820K
[    2.501673] x86/mm: Checked W+X mappings: passed, no W+X pages found.
Loading, please wait...
starting version 237
[    2.607346] e1000: Intel(R) PRO/1000 Network Driver - version 7.3.21-k8-NAPI
[    2.615547] e1000: Copyright (c) 1999-2006 Intel Corporation.
[    2.648831] Fusion MPT base driver 3.04.20
[    2.653451] Copyright (c) 1999-2008 LSI Corporation
[    2.681285] SSE version of gcm_enc/dec engaged.
[    2.692168] vboxvideo: loading out-of-tree module taints kernel.
[    2.705306] Fusion MPT SPI Host driver 3.04.20
[    2.711388] vboxvideo: module verification failed: signature and/or required key missing - tainting kernel
[    2.731041] vboxvideo: loading version 7.0.8 r156879
[    2.874090] input: ImExPS/2 Generic Explorer Mouse as /devices/platform/i8042/serio1/input/input4
[    3.398439] e1000 0000:00:03.0 eth0: (PCI:33MHz:32-bit) 02:ce:cf:1b:c9:4b
[    3.404989] e1000 0000:00:03.0 eth0: Intel(R) PRO/1000 Network Connection
[    3.413470] mptbase: ioc0: Initiating bringup
[    3.674143] ioc0: LSI53C1030 A0: Capabilities={Initiator}
[    4.746260] scsi host2: ioc0: LSI53C1030 A0, FwRev=00000000h, Ports=1, MaxQ=256, IRQ=20
[    5.440505] scsi 2:0:0:0: Direct-Access     VBOX     HARDDISK         1.0  PQ: 0 ANSI: 5
[    5.441746] [drm] VRAM 01000000
[    5.452250] [TTM] Zone  kernel: Available graphics memory: 504258 kiB
[    5.458070] [TTM] Initializing pool allocator
[    5.462910] [TTM] Initializing DMA pool allocator
[    5.494774] scsi target2:0:0: Beginning Domain Validation
[    5.500387] fbcon: vboxdrmfb (fb0) is primary device
[    5.506648] scsi target2:0:0: Domain Validation skipping write tests
[    5.506649] scsi target2:0:0: Ending Domain Validation
[    5.506967] scsi target2:0:0: asynchronous
[    5.508687] scsi 2:0:1:0: Direct-Access     VBOX     HARDDISK         1.0  PQ: 0 ANSI: 5
[    5.538083] Console: switching to colour frame buffer device 100x37
[    5.600466] vboxvideo 0000:00:02.0: fb0: vboxdrmfb frame buffer device
[    5.608359] scsi target2:0:1: Beginning Domain Validation
[    5.623039] scsi target2:0:1: Domain Validation skipping write tests
[    5.625200] [drm] Initialized vboxvideo 1.0.0 20130823 for 0000:00:02.0 on minor 0
[    5.626947] scsi target2:0:1: Ending Domain Validation
[    5.635445] scsi target2:0:1: asynchronous
[    5.650367] sd 2:0:0:0: Attached scsi generic sg0 type 0
[    5.662303] sd 2:0:1:0: Attached scsi generic sg1 type 0
[    5.674286] sd 2:0:0:0: [sda] 83886080 512-byte logical blocks: (42.9 GB/40.0 GiB)
[    5.687562] sd 2:0:1:0: [sdb] 20480 512-byte logical blocks: (10.5 MB/10.0 MiB)
[    5.700712] sd 2:0:0:0: [sda] Write Protect is off
[    5.712986] sd 2:0:1:0: [sdb] Write Protect is off
[    5.725501] sd 2:0:1:0: [sdb] Incomplete mode parameter data
[    5.739051] sd 2:0:1:0: [sdb] Assuming drive cache: write through
[    5.753587] sd 2:0:0:0: [sda] Incomplete mode parameter data
[    5.767727] sd 2:0:0:0: [sda] Assuming drive cache: write through
[    5.788550]  sda: sda1
[    5.805493] sd 2:0:1:0: [sdb] Attached SCSI disk
[    5.819788] sd 2:0:0:0: [sda] Attached SCSI disk
[    6.303999] e1000 0000:00:08.0 eth1: (PCI:33MHz:32-bit) 08:00:27:f2:23:3a
[    6.320345] e1000 0000:00:08.0 eth1: Intel(R) PRO/1000 Network Connection
[    6.339567] e1000 0000:00:03.0 enp0s3: renamed from eth0
[    6.370020] e1000 0000:00:08.0 enp0s8: renamed from eth1
Begin: Loading essential drivers ... [  506.533168] raid6: sse2x1   gen()  8439 MB/s
[  506.596324] raid6: sse2x1   xor()  7059 MB/s
[  506.669443] raid6: sse2x2   gen() 17877 MB/s
[  506.742357] raid6: sse2x2   xor() 11953 MB/s
[  506.804877] raid6: sse2x4   gen() 15656 MB/s
[  506.878265] raid6: sse2x4   xor() 10516 MB/s
[  506.894910] raid6: using algorithm sse2x2 gen() 17877 MB/s
[  506.912345] raid6: .... xor() 11953 MB/s, rmw enabled
[  506.929439] raid6: using ssse3x2 recovery algorithm
[  506.948855] xor: measuring software checksum speed
[  507.065557]    prefetch64-sse: 40854.000 MB/sec
[  507.180022]    generic_sse: 40297.000 MB/sec
[  507.196166] xor: using function: prefetch64-sse (40854.000 MB/sec)
[  507.216605] async_tx: api initialized (async)
done.
Begin: Running /scripts/init-premount ... done.
Begin: Mounting root file system ... Begin: Running /scripts/local-top ... done.
Begin: Running /scripts/local-premount ... [  507.313405] Btrfs loaded, crc32c=crc32c-intel
Scanning for Btrfs filesystems
done.
Begin: Will now check root file system ... fsck from util-linux 2.31.1
[/sbin/fsck.ext4 (1) -- /dev/sda1] fsck.ext4 -a -C0 /dev/sda1 
cloudimg-rootfs: clean, 105553/5120000 files, 801565/10485499 blocks
done.
[  507.414253] EXT4-fs (sda1): mounted filesystem with ordered data mode. Opts: (null)
done.
Begin: Running /scripts/local-bottom ... done.
Begin: Running /scripts/init-bottom ... done.
[  507.770081] ip_tables: (C) 2000-2006 Netfilter Core Team
[  507.858057] systemd[1]: systemd 237 running in system mode. (+PAM +AUDIT +SELINUX +IMA +APPARMOR +SMACK +SYSVINIT +UTMP +LIBCRYPTSETUP +GCRYPT +GNUTLS +ACL +XZ +LZ4 +SECCOMP +BLKID +ELFUTILS +KMOD -IDN2 +IDN -PCRE2 default-hierarchy=hybrid)
[  507.921029] systemd[1]: Detected virtualization oracle.
[  507.942181] systemd[1]: Detected architecture x86-64.

Welcome to [1mUbuntu 18.04.6 LTS[0m!

[  507.999718] systemd[1]: Set hostname to <web01>.
[  508.570783] systemd[1]: Reached target Mounting snaps.
[[0;32m  OK  [0m] Reached target Mounting snaps.
[  508.595431] systemd[1]: Reached target Swap.
[[0;32m  OK  [0m] Reached target Swap.
[  508.618665] systemd[1]: Reached target User and Group Name Lookups.
[[0;32m  OK  [0m] Reached target User and Group Name Lookups.
[  508.653544] systemd[1]: Created slice System Slice.
[[0;32m  OK  [0m] Created slice System Slice.
[  508.676553] systemd[1]: Listening on LVM2 metadata daemon socket.
[[0;32m  OK  [0m] Listening on LVM2 metadata daemon socket.
[  508.701443] systemd[1]: Listening on Syslog Socket.
[[0;32m  OK  [0m] Listening on Syslog Socket.
[[0;32m  OK  [0m] Listening on Network Service Netlink Socket.
[[0;32m  OK  [0m] Listening on Journal Audit Socket.
[[0;32m  OK  [0m] Listening on udev Control Socket.
[[0;32m  OK  [0m] Listening on Journal Socket.
         Starting Set the console keyboard layout...
         Mounting Huge Pages File System...
         Mounting Kernel Debug File System...
         Mounting POSIX Message Queue File System...
         Starting Uncomplicated firewall...
[[0;32m  OK  [0m] Listening on LVM2 poll daemon socket.
[[0;32m  OK  [0m] Reached target Mounted snaps.
[[0;32m  OK  [0m] Listening on udev Kernel Socket.
[[0;32m  OK  [0m] Reached target System Time Synchronized.
         Starting Create list of required st…ce nodes for the current kernel...
[[0;32m  OK  [0m] Listening on Journal Socket (/dev/log).
         Starting Journal Service...
         Starting udev Coldplug all Devices...
[[0;32m  OK  [0m] Created slice User and Session Slice.
         Starting Load Kernel Modules...
[[0;32m  OK  [0m] Set up automount Arbitrary Executab…rmats File System Automount Point.
[  508.897310] Loading iSCSI transport class v2.0-870.
[[0;32m  OK  [0m] Reached target Slices.
[[0;32m  OK  [0m] Listening on /dev/initctl Compatibility Named Pipe.
[[0;32m  OK  [0m] Created slice system-serial\x2dgetty.slice.
[[0;32m  OK  [0m] Listening on fsck to fsckd communication Socket.
         Starting Remount Root and Kernel File Systems...
[[0;32m  OK  [0m] Listening on Device-mapper event daemon FIFOs.
         Starting Monitoring of LVM2 mirrors…ng dmeventd or progress polling...
[[0;32m  OK  [0m] Started Forward Password Requests to Wall Directory Watch.
[[0;32m  OK  [0m] Mounted Huge Pages File System.
[[0;32m  OK  [0m] Mounted Kernel Debug File System.
[[0;32m  OK  [0m] Mounted POSIX Message Queue File System.
[  508.997319] iscsi: registered transport (tcp)
[  509.008916] EXT4-fs (sda1): re-mounted. Opts: (null)
[[0;32m  OK  [0m] Started Uncomplicated firewall.
[[0;32m  OK  [0m] Started Create list of required sta…vice nodes for the current kernel.
[[0;32m  OK  [0m] Started Journal Service.
         Starting Create Static Device Nodes in /dev...
[[0;32m  OK  [0m] Started udev Coldplug all Devices.
[[0;32m  OK  [0m] Started Remount Root and Kernel File Systems.
[[0;32m  OK  [0m] Started LVM2 metadata daemon.
         Starting Load/Save Random Seed...
         Starting Flush Journal to Persistent Storage...
[[0;32m  OK  [0m] Started Set the console keyboard layout.
[[0;32m  OK  [0m] Started Create Static Device Nodes in /dev.
         Starting udev Kernel Device Manager...
[[0;32m  OK  [0m] Started Load/Save Random Seed.
[  509.245959] systemd-journald[435]: Received request to flush runtime journal from PID 1
[[0;32m  OK  [0m] Started Monitoring of LVM2 mirrors,…sing dmeventd or progress polling.
[[0;32m  OK  [0m] Reached target Local File Systems (Pre).
[[0;32m  OK  [0m] Reached target Local File Systems.
         Starting Tell Plymouth To Write Out Runtime Data...
         Starting Set console font and keymap...
         Starting ebtables ruleset management...
         Starting AppArmor initialization...
[[0;32m  OK  [0m] Started udev Kernel Device Manager.
[[0;32m  OK  [0m] Started Dispatch Password Requests to Console Directory Watch.
[[0;32m  OK  [0m] Reached target Local Encrypted Volumes.
[  509.422402] iscsi: registered transport (iser)
[[0;32m  OK  [0m] Started Load Kernel Modules.
         Mounting FUSE Control File System...
         Starting Apply Kernel Variables...
         Mounting Kernel Configuration File System...
[[0;32m  OK  [0m] Started Tell Plymouth To Write Out Runtime Data.
[[0;32m  OK  [0m] Started Set console font and keymap.
[[0;32m  OK  [0m] Mounted FUSE Control File System.
[[0;32m  OK  [0m] Mounted Kernel Configuration File System.
[[0;32m  OK  [0m] Started Apply Kernel Variables.
[[0;32m  OK  [0m] Started Flush Journal to Persistent Storage.
         Starting Create Volatile Files and Directories...
[[0;32m  OK  [0m] Started Create Volatile Files and Directories.
         Starting Update UTMP about System Boot/Shutdown...
[[0;32m  OK  [0m] Started Update UTMP about System Boot/Shutdown.
[[0;32m  OK  [0m] Started ebtables ruleset management.
[[0;32m  OK  [0m] Found device /dev/ttyS0.
[[0;32m  OK  [0m] Listening on Load/Save RF Kill Switch Status /dev/rfkill Watch.
[[0;32m  OK  [0m] Started AppArmor initialization.
         Starting Load AppArmor profiles managed internally by snapd...
         Starting Initial cloud-init job (pre-networking)...
         Mounting Arbitrary Executable File Formats File System...
[[0;32m  OK  [0m] Mounted Arbitrary Executable File Formats File System.
[[0;32m  OK  [0m] Started Load AppArmor profiles managed internally by snapd.
[  513.107738] cloud-init[574]: Cloud-init v. 23.1.2-0ubuntu0~18.04.1 running 'init-local' at Wed, 21 Jun 2023 14:13:12 +0000. Up 512.83 seconds.
[[0;32m  OK  [0m] Started Initial cloud-init job (pre-networking).
[[0;32m  OK  [0m] Reached target Network (Pre).
         Starting Network Service...
[[0;32m  OK  [0m] Started Network Service.
         Starting Network Name Resolution...
         Starting Wait for Network to be Configured...
[[0;32m  OK  [0m] Started Network Name Resolution.
[[0;32m  OK  [0m] Reached target Host and Network Name Lookups.
[[0;32m  OK  [0m] Reached target Network.
[[0;32m  OK  [0m] Started Wait for Network to be Configured.
         Starting Initial cloud-init job (metadata service crawler)...
[  516.469008] cloud-init[736]: Cloud-init v. 23.1.2-0ubuntu0~18.04.1 running 'init' at Wed, 21 Jun 2023 14:13:16 +0000. Up 516.33 seconds.
[  516.474487] cloud-init[736]: ci-info: ++++++++++++++++++++++++++++++++++++++Net device info+++++++++++++++++++++++++++++++++++++++
[  516.479240] cloud-init[736]: ci-info: +--------+------+-----------------------------+---------------+--------+-------------------+
[  516.484630] cloud-init[736]: ci-info: | Device |  Up  |           Address           |      Mask     | Scope  |     Hw-Address    |
[  516.488797] cloud-init[736]: ci-info: +--------+------+-----------------------------+---------------+--------+-------------------+
[  516.493052] cloud-init[736]: ci-info: | enp0s3 | True |          10.0.2.15          | 255.255.255.0 | global | 02:ce:cf:1b:c9:4b |
[  516.499379] cloud-init[736]: ci-info: | enp0s3 | True |  fe80::ce:cfff:fe1b:c94b/64 |       .       |  link  | 02:ce:cf:1b:c9:4b |
[  516.506660] cloud-init[736]: ci-info: | enp0s8 | True |        192.168.56.11        | 255.255.255.0 | global | 08:00:27:f2:23:3a |
[  516.512768] cloud-init[736]: ci-info: | enp0s8 | True | fe80::a00:27ff:fef2:233a/64 |       .       |  link  | 08:00:27:f2:23:3a |
[  516.517119] cloud-init[736]: ci-info: |   lo   | True |          127.0.0.1          |   255.0.0.0   |  host  |         .         |
[  516.521412] cloud-init[736]: ci-info: |   lo   | True |           ::1/128           |       .       |  host  |         .         |
[  516.525763] cloud-init[736]: ci-info: +--------+------+-----------------------------+---------------+--------+-------------------+
[  516.530494] cloud-init[736]: ci-info: +++++++++++++++++++++++++++++Route IPv4 info+++++++++++++++++++++++++++++
[  516.534442] cloud-init[736]: ci-info: +-------+--------------+----------+-----------------+-----------+-------+
[  516.538176] cloud-init[736]: ci-info: | Route | Destination  | Gateway  |     Genmask     | Interface | Flags |
[  516.542186] cloud-init[736]: ci-info: +-------+--------------+----------+-----------------+-----------+-------+
[  516.546109] cloud-init[736]: ci-info: |   0   |   0.0.0.0    | 10.0.2.2 |     0.0.0.0     |   enp0s3  |   UG  |
[  516.550255] cloud-init[736]: ci-info: |   1   |   10.0.2.0   | 0.0.0.0  |  255.255.255.0  |   enp0s3  |   U   |
[  516.554195] cloud-init[736]: ci-info: |   2   |   10.0.2.2   | 0.0.0.0  | 255.255.255.255 |   enp0s3  |   UH  |
[  516.558455] cloud-init[736]: ci-info: |   3   | 192.168.56.0 | 0.0.0.0  |  255.255.255.0  |   enp0s8  |   U   |
[  516.562521] cloud-init[736]: ci-info: +-------+--------------+----------+-----------------+-----------+-------+
[  516.566581] cloud-init[736]: ci-info: +++++++++++++++++++Route IPv6 info+++++++++++++++++++
[  516.569910] cloud-init[736]: ci-info: +-------+-------------+---------+-----------+-------+
[  516.573515] cloud-init[736]: ci-info: | Route | Destination | Gateway | Interface | Flags |
[  516.577030] cloud-init[736]: ci-info: +-------+-------------+---------+-----------+-------+
[  516.580661] cloud-init[736]: ci-info: |   1   |  fe80::/64  |    ::   |   enp0s8  |   U   |
[  516.584009] cloud-init[736]: ci-info: |   2   |  fe80::/64  |    ::   |   enp0s3  |   U   |
[  516.587367] cloud-init[736]: ci-info: |   4   |    local    |    ::   |   enp0s3  |   U   |
[  516.591020] cloud-init[736]: ci-info: |   5   |    local    |    ::   |   enp0s8  |   U   |
[  516.594411] cloud-init[736]: ci-info: |   6   |   ff00::/8  |    ::   |   enp0s8  |   U   |
[  516.598132] cloud-init[736]: ci-info: |   7   |   ff00::/8  |    ::   |   enp0s3  |   U   |
[  516.604184] cloud-init[736]: ci-info: +-------+-------------+---------+-----------+-------+
[[0;32m  OK  [0m] Started Initial cloud-init job (metadata service crawler).
[[0;32m  OK  [0m] Reached target Network is Online.
[[0;32m  OK  [0m] Reached target Remote File Systems (Pre).
         Mounting /vagrant...
         Starting Availability of block devices...
[[0;32m  OK  [0m] Reached target System Initialization.
         Starting LXD - unix socket.
[[0;32m  OK  [0m] Started Daily Cleanup of Temporary Directories.
[[0;32m  OK  [0m] Started ACPI Events Check.
[[0;32m  OK  [0m] Listening on ACPID Listen Socket.
[[0;32m  OK  [0m] Listening on cloud-init hotplug hook socket.
[[0;32m  OK  [0m] Listening on UUID daemon activation socket.
[[0;32m  OK  [0m] Started Ubuntu Advantage Timer for running repeated jobs.
[[0;32m  OK  [0m] Started Message of the Day.
[[0;32m  OK  [0m] Listening on D-Bus System Message Bus Socket.
[[0;32m  OK  [0m] Started Discard unused blocks once a week.
[[0;32m  OK  [0m] Started Daily apt download activities.
[[0;32m  OK  [0m] Started Daily apt upgrade and clean activities.
[[0;32m  OK  [0m] Reached target Timers.
[[0;32m  OK  [0m] Listening on Open-iSCSI iscsid Socket.
[[0;32m  OK  [0m] Reached target Paths.
         Starting Socket activation for snappy daemon.
[[0;32m  OK  [0m] Reached target Cloud-config availability.
[[0;1;31mFAILED[0m] Failed to mount /vagrant.
See 'systemctl status vagrant.mount' for details.
[[0;1;33mDEPEND[0m] Dependency failed for Remote File Systems.
[[0;32m  OK  [0m] Started Availability of block devices.
[[0;32m  OK  [0m] Listening on LXD - unix socket.
[[0;32m  OK  [0m] Listening on Socket activation for snappy daemon.
[[0;32m  OK  [0m] Reached target Sockets.
[[0;32m  OK  [0m] Reached target Basic System.
[[0;32m  OK  [0m] Started D-Bus System Message Bus.
[[0;32m  OK  [0m] Started irqbalance daemon.
[[0;32m  OK  [0m] Started FUSE filesystem for LXC.
         Starting LSB: Record successful boot for GRUB...
         Starting Accounts Service...
         Starting Dispatcher daemon for systemd-networkd...
[[0;32m  OK  [0m] Reached target Login Prompts (Pre).
         Starting A high performance web server and a reverse proxy server...
[[0;32m  OK  [0m] Started Deferred execution scheduler.
[[0;32m  OK  [0m] Started Regular background program processing daemon.
         Starting Login Service...
         Starting vboxadd.service...
         Starting OpenBSD Secure Shell server...
         Starting Snap Daemon...
         Starting System Logging Service...
         Starting LXD - container startup/shutdown...
         Starting Permit User Sessions...
         Starting LSB: automatic crash report generation...
[[0;32m  OK  [0m] Started System Logging Service.
[[0;32m  OK  [0m] Started Permit User Sessions.
[[0;32m  OK  [0m] Started Login Service.
[[0;32m  OK  [0m] Started Unattended Upgrades Shutdown.
         Starting Terminate Plymouth Boot Screen...
         Starting Hold until boot process finishes up...
         Starting Authorization Manager...
[[0;32m  OK  [0m] Started Hold until boot process finishes up.
[[0;32m  OK  [0m] Started Terminate Plymouth Boot Screen.
         Starting Set console scheme...
[[0;32m  OK  [0m] Started Serial Getty on ttyS0.
[[0;32m  OK  [0m] Started Set console scheme.
[[0;32m  OK  [0m] Created slice system-getty.slice.
[[0;32m  OK  [0m] Started Getty on tty1.
[[0;32m  OK  [0m] Reached target Login Prompts.
[[0;32m  OK  [0m] Started OpenBSD Secure Shell server.
[[0;32m  OK  [0m] Started LSB: Record successful boot for GRUB.
[[0;32m  OK  [0m] Started Authorization Manager.
[[0;32m  OK  [0m] Started Accounts Service.
[[0;32m  OK  [0m] Started LSB: automatic crash report generation.
[[0;32m  OK  [0m] Started A high performance web server and a reverse proxy server.
[[0;32m  OK  [0m] Started Dispatcher daemon for systemd-networkd.
[[0;32m  OK  [0m] Started LXD - container startup/shutdown.
[[0;32m  OK  [0m] Started Snap Daemon.
         Starting Wait until snapd is fully seeded...
         Starting Time & Date Service...
[[0;32m  OK  [0m] Started Time & Date Service.
[[0;32m  OK  [0m] Started Wait until snapd is fully seeded.
         Starting Apply the settings specified in cloud-config...
[  519.850255] cloud-init[1281]: Cloud-init v. 23.1.2-0ubuntu0~18.04.1 running 'modules:config' at Wed, 21 Jun 2023 14:13:19 +0000. Up 519.74 seconds.
[[0;32m  OK  [0m] Started Apply the settings specified in cloud-config.
[[0;32m  OK  [0m] Created slice User Slice of vagrant.
         Starting User Manager for UID 1000...
[[0;32m  OK  [0m] Started Session 1 of user vagrant.
[[0;32m  OK  [0m] Started User Manager for UID 1000.

Ubuntu 18.04.6 LTS web01 ttyS0

web01 login: [  817.905946] cloud-init[9535]: Cloud-init v. 23.1.2-0ubuntu0~18.04.1 running 'modules:final' at Wed, 21 Jun 2023 14:18:17 +0000. Up 817.77 seconds.
[  817.914231] cloud-init[9535]: Cloud-init v. 23.1.2-0ubuntu0~18.04.1 finished at Wed, 21 Jun 2023 14:18:17 +0000. Datasource DataSourceNoCloud [seed=/dev/sdb][dsmode=net].  Up 817.89 seconds
